0 info it worked if it ends with ok
1 verbose cli [ '/home/ubuntu/.nvm/versions/node/v6.11.2/bin/node',
1 verbose cli   '/home/ubuntu/.nvm/versions/node/v6.11.2/bin/npm',
1 verbose cli   'install',
1 verbose cli   'node',
1 verbose cli   'app.js' ]
2 info using npm@3.10.10
3 info using node@v6.11.2
4 silly loadCurrentTree Starting
5 silly install loadCurrentTree
6 silly install readLocalPackageData
7 silly fetchPackageMetaData node
8 silly fetchPackageMetaData app.js
9 silly fetchNamedPackageData node
10 silly mapToRegistry name node
11 silly mapToRegistry using default registry
12 silly mapToRegistry registry https://registry.npmjs.org/
13 silly mapToRegistry data Result {
13 silly mapToRegistry   raw: 'node',
13 silly mapToRegistry   scope: null,
13 silly mapToRegistry   escapedName: 'node',
13 silly mapToRegistry   name: 'node',
13 silly mapToRegistry   rawSpec: '',
13 silly mapToRegistry   spec: 'latest',
13 silly mapToRegistry   type: 'tag' }
14 silly mapToRegistry uri https://registry.npmjs.org/node
15 silly fetchOtherPackageData app.js
16 silly cache add args [ 'app.js', null ]
17 verbose cache add spec app.js
18 verbose request uri https://registry.npmjs.org/node
19 verbose request no auth needed
20 info attempt registry request try #1 at 11:23:11 PM
21 verbose request id 7c67adbf8a5ed89e
22 http request GET https://registry.npmjs.org/node
23 silly cache add parsed spec Result {
23 silly cache add   raw: 'app.js',
23 silly cache add   scope: null,
23 silly cache add   escapedName: 'app.js',
23 silly cache add   name: null,
23 silly cache add   rawSpec: 'app.js',
23 silly cache add   spec: '/home/ubuntu/workspace/yelpCamp/V10/app.js',
23 silly cache add   type: 'local' }
24 silly addLocalTarball shasum (computed) ab9327eb2ffaefe1bfffb633d8f194d3d76ba362
25 verbose addTmpTarball /home/ubuntu/workspace/yelpCamp/V10/app.js not in flight; adding
26 verbose correctMkdir /home/ubuntu/.npm correctMkdir not in flight; initializing
27 verbose addTmpTarball validating metadata from /home/ubuntu/workspace/yelpCamp/V10/app.js
28 verbose tar unpack /home/ubuntu/workspace/yelpCamp/V10/app.js
29 verbose tar unpacking to /tmp/npm-5730-f9550bda/unpack-71baf0bb
30 silly gentlyRm /tmp/npm-5730-f9550bda/unpack-71baf0bb is being purged
31 verbose gentlyRm don't care about contents; nuking /tmp/npm-5730-f9550bda/unpack-71baf0bb
32 silly gunzTarPerm modes [ '755', '644' ]
33 error not a package /home/ubuntu/workspace/yelpCamp/V10/app.js
34 error addLocal Could not install /home/ubuntu/workspace/yelpCamp/V10/app.js
35 silly fetchPackageMetaData Error: ENOENT: no such file or directory, open '/tmp/npm-5730-f9550bda/unpack-71baf0bb/package.json'
35 silly fetchPackageMetaData     at Error (native)
35 silly fetchPackageMetaData  error for app.js { Error: ENOENT: no such file or directory, open '/tmp/npm-5730-f9550bda/unpack-71baf0bb/package.json'
35 silly fetchPackageMetaData     at Error (native)
35 silly fetchPackageMetaData   errno: -2,
35 silly fetchPackageMetaData   code: 'ENOENT',
35 silly fetchPackageMetaData   syscall: 'open',
35 silly fetchPackageMetaData   path: '/tmp/npm-5730-f9550bda/unpack-71baf0bb/package.json' }
36 http 200 https://registry.npmjs.org/node
37 verbose headers { date: 'Thu, 24 Jan 2019 23:23:11 GMT',
37 verbose headers   'content-type': 'application/json',
37 verbose headers   'transfer-encoding': 'chunked',
37 verbose headers   connection: 'keep-alive',
37 verbose headers   'set-cookie': [ '__cfduid=dc2eb0e492094f4b50cce4251e0169dab1548372191; expires=Fri, 24-Jan-20 23:23:11 GMT; path=/; domain=.registry.npmjs.org; HttpOnly' ],
37 verbose headers   'cf-cache-status': 'HIT',
37 verbose headers   'cache-control': 'max-age=300',
37 verbose headers   'cf-ray': '49e63f161a15551c-ORD',
37 verbose headers   etag: 'W/"f18f2c0d6eb15e47059c5137e22edf88"',
37 verbose headers   'expect-ct': 'max-age=604800, report-uri="https://report-uri.cloudflare.com/cdn-cgi/beacon/expect-ct"',
37 verbose headers   'last-modified': 'Sat, 19 Jan 2019 01:43:14 GMT',
37 verbose headers   vary: 'accept-encoding, accept',
37 verbose headers   'x-amz-meta-rev': '458-3ff04470bb3a6016d44c8a72dd3e5fae',
37 verbose headers   server: 'cloudflare',
37 verbose headers   'content-encoding': 'gzip' }
38 silly get cb [ 200,
38 silly get   { date: 'Thu, 24 Jan 2019 23:23:11 GMT',
38 silly get     'content-type': 'application/json',
38 silly get     'transfer-encoding': 'chunked',
38 silly get     connection: 'keep-alive',
38 silly get     'set-cookie': [ '__cfduid=dc2eb0e492094f4b50cce4251e0169dab1548372191; expires=Fri, 24-Jan-20 23:23:11 GMT; path=/; domain=.registry.npmjs.org; HttpOnly' ],
38 silly get     'cf-cache-status': 'HIT',
38 silly get     'cache-control': 'max-age=300',
38 silly get     'cf-ray': '49e63f161a15551c-ORD',
38 silly get     etag: 'W/"f18f2c0d6eb15e47059c5137e22edf88"',
38 silly get     'expect-ct': 'max-age=604800, report-uri="https://report-uri.cloudflare.com/cdn-cgi/beacon/expect-ct"',
38 silly get     'last-modified': 'Sat, 19 Jan 2019 01:43:14 GMT',
38 silly get     vary: 'accept-encoding, accept',
38 silly get     'x-amz-meta-rev': '458-3ff04470bb3a6016d44c8a72dd3e5fae',
38 silly get     server: 'cloudflare',
38 silly get     'content-encoding': 'gzip' } ]
39 verbose get saving node to /home/ubuntu/.npm/registry.npmjs.org/node/.cache.json
40 verbose correctMkdir /home/ubuntu/.npm correctMkdir not in flight; initializing
41 silly rollbackFailedOptional Starting
42 silly rollbackFailedOptional Finishing
43 silly runTopLevelLifecycles Finishing
44 silly install printInstalled
45 verbose stack Error: ENOENT: no such file or directory, open '/tmp/npm-5730-f9550bda/unpack-71baf0bb/package.json'
45 verbose stack     at Error (native)
46 verbose cwd /home/ubuntu/workspace/yelpCamp/V10
47 error Linux 4.9.120-c9
48 error argv "/home/ubuntu/.nvm/versions/node/v6.11.2/bin/node" "/home/ubuntu/.nvm/versions/node/v6.11.2/bin/npm" "install" "node" "app.js"
49 error node v6.11.2
50 error npm  v3.10.10
51 error path /tmp/npm-5730-f9550bda/unpack-71baf0bb/package.json
52 error code ENOENT
53 error errno -2
54 error syscall open
55 error enoent ENOENT: no such file or directory, open '/tmp/npm-5730-f9550bda/unpack-71baf0bb/package.json'
56 error enoent ENOENT: no such file or directory, open '/tmp/npm-5730-f9550bda/unpack-71baf0bb/package.json'
56 error enoent This is most likely not a problem with npm itself
56 error enoent and is related to npm not being able to find a file.
57 verbose exit [ -2, true ]
